Zeile 126: Klasse SHDocVwCtl.WebBrowser des Steuerelements WebBrowser1 war keine geladene Steuerelementklasse.
Zeile 132: Der Eigenschaftsname ExtentX in WebBrowser1 ist ungültig.
Zeile 133: Der Eigenschaftsname ExtentY in WebBrowser1 ist ungültig.
Zeile 134: Der Eigenschaftsname ViewMode in WebBrowser1 ist ungültig.
Zeile 135: Der Eigenschaftsname Offline in WebBrowser1 ist ungültig.
Zeile 136: Der Eigenschaftsname Silent in WebBrowser1 ist ungültig.
Zeile 137: Der Eigenschaftsname RegisterAsBrowser in WebBrowser1 ist ungültig.
Zeile 138: Der Eigenschaftsname RegisterAsDropTarget in WebBrowser1 ist ungültig.
Zeile 139: Der Eigenschaftsname AutoArrange in WebBrowser1 ist ungültig.
Zeile 140: Der Eigenschaftsname NoClientEdge in WebBrowser1 ist ungültig.
Zeile 141: Der Eigenschaftsname AlignLeft in WebBrowser1 ist ungültig.
Zeile 142: Der Eigenschaftsname NoWebView in WebBrowser1 ist ungültig.
Zeile 143: Der Eigenschaftsname HideFileNames in WebBrowser1 ist ungültig.
Zeile 144: Der Eigenschaftsname SingleClick in WebBrowser1 ist ungültig.
Zeile 145: Der Eigenschaftsname SingleSelection in WebBrowser1 ist ungültig.
Zeile 146: Der Eigenschaftsname NoFolders in WebBrowser1 ist ungültig.
Zeile 147: Der Eigenschaftsname Transparent in WebBrowser1 ist ungültig.
Zeile 148: Der Eigenschaftsname ViewID in WebBrowser1 ist ungültig.
Zeile 149: Der Eigenschaftsname Location in WebBrowser1 ist ungültig.
Zeile 132: Der Eigenschaftsname ExtentX in WebBrowser1 ist ungültig.
Zeile 133: Der Eigenschaftsname ExtentY in WebBrowser1 ist ungültig.
Zeile 134: Der Eigenschaftsname ViewMode in WebBrowser1 ist ungültig.
Zeile 135: Der Eigenschaftsname Offline in WebBrowser1 ist ungültig.
Zeile 136: Der Eigenschaftsname Silent in WebBrowser1 ist ungültig.
Zeile 137: Der Eigenschaftsname RegisterAsBrowser in WebBrowser1 ist ungültig.
Zeile 138: Der Eigenschaftsname RegisterAsDropTarget in WebBrowser1 ist ungültig.
Zeile 139: Der Eigenschaftsname AutoArrange in WebBrowser1 ist ungültig.
Zeile 140: Der Eigenschaftsname NoClientEdge in WebBrowser1 ist ungültig.
Zeile 141: Der Eigenschaftsname AlignLeft in WebBrowser1 ist ungültig.
Zeile 142: Der Eigenschaftsname NoWebView in WebBrowser1 ist ungültig.
Zeile 143: Der Eigenschaftsname HideFileNames in WebBrowser1 ist ungültig.
Zeile 144: Der Eigenschaftsname SingleClick in WebBrowser1 ist ungültig.
Zeile 145: Der Eigenschaftsname SingleSelection in WebBrowser1 ist ungültig.
Zeile 146: Der Eigenschaftsname NoFolders in WebBrowser1 ist ungültig.
Zeile 147: Der Eigenschaftsname Transparent in WebBrowser1 ist ungültig.
Zeile 148: Der Eigenschaftsname ViewID in WebBrowser1 ist ungültig.
Zeile 149: Der Eigenschaftsname Location in WebBrowser1 ist ungültig.
